2017-09-30T07:43:01.287Z - normal: Load ~/.CocosCreator/settings.json
2017-09-30T07:43:01.292Z - normal: checking language setting...
2017-09-30T07:43:01.293Z - normal: Language: en
2017-09-30T07:43:03.162Z - success: protocol editor-framework registered
2017-09-30T07:43:03.163Z - success: protocol app registered
2017-09-30T07:43:03.163Z - success: protocol theme registered
2017-09-30T07:43:03.163Z - success: protocol profile registered
2017-09-30T07:43:03.163Z - success: protocol packages registered
2017-09-30T07:43:03.164Z - success: protocol unpack registerred
2017-09-30T07:43:03.164Z - success: protocol disable-commonjs registerred
2017-09-30T07:43:03.521Z - normal: connected!
2017-09-30T07:43:03.523Z - normal: Check project C:\Users\student\Desktop\act1
2017-09-30T07:43:03.525Z - normal: Initializing Cocos2d
2017-09-30T07:43:03.761Z - normal: Initializing Asset Database
2017-09-30T07:43:03.801Z - success: protocol uuid registerred
2017-09-30T07:43:03.801Z - success: protocol db registerred
2017-09-30T07:43:03.801Z - success: protocol thumbnail registerred
2017-09-30T07:43:03.801Z - normal: Loading editor/builtin packages
2017-09-30T07:43:03.821Z - success: anysdk loaded
2017-09-30T07:43:03.980Z - success: assets loaded
2017-09-30T07:43:03.985Z - success: builder loaded
2017-09-30T07:43:03.990Z - success: hierarchy loaded
2017-09-30T07:43:03.996Z - success: inspector loaded
2017-09-30T07:43:04.004Z - success: keystore loaded
2017-09-30T07:43:04.004Z - success: node-library loaded
2017-09-30T07:43:04.004Z - success: package-asset loaded
2017-09-30T07:43:04.014Z - success: preferences loaded
2017-09-30T07:43:04.014Z - success: project-exporter loaded
2017-09-30T07:43:04.034Z - success: project-importer loaded
2017-09-30T07:43:04.034Z - success: project-settings loaded
2017-09-30T07:43:04.034Z - success: ui-kit loaded
2017-09-30T07:43:04.034Z - success: ui-grid loaded
2017-09-30T07:43:04.044Z - success: scene loaded
2017-09-30T07:43:04.044Z - success: sprite-editor loaded
2017-09-30T07:43:04.044Z - success: store loaded
2017-09-30T07:43:04.054Z - success: timeline loaded
2017-09-30T07:43:04.054Z - normal: Loading builtin packages
2017-09-30T07:43:04.054Z - success: asset-db-debugger loaded
2017-09-30T07:43:04.054Z - success: color-picker loaded
2017-09-30T07:43:04.064Z - success: console loaded
2017-09-30T07:43:04.064Z - success: package-manager loaded
2017-09-30T07:43:04.064Z - success: sdkbox loaded
2017-09-30T07:43:04.074Z - success: tester loaded
2017-09-30T07:43:04.074Z - success: ui-kit-preview-extra loaded
2017-09-30T07:43:04.074Z - success: ui-kit-preview loaded
2017-09-30T07:43:04.074Z - success: ui-tree loaded
2017-09-30T07:43:05.144Z - normal: Initializing project C:\Users\student\Desktop\act1
2017-09-30T07:43:05.157Z - normal: Loading packages
2017-09-30T07:43:05.163Z - normal: Watching packages
2017-09-30T07:43:05.179Z - normal: Run Application
2017-09-30T07:43:05.571Z - success: preview server running at http://localhost:7457
2017-09-30T07:43:16.251Z - normal: 1.6.1
